ISim log file
Running: tester.exe -intstyle ise -tclbatch ..\..\..\scripts\console.tcl 
ISim P.20131013 (signature 0x7708f090)
WARNING: A WEBPACK license was found.
WARNING: Please use Xilinx License Configuration Manager to check out a full ISim license.
WARNING: ISim will run in Lite mode. Please refer to the ISim documentation for more information on the differences between the Lite and the Full version.
This is a Lite version of ISim.
Time resolution is 1 ps
# onerror resume
# wave add /
# run 10 ms
Simulator is doing circuit initialization process.
Finished circuit initialization process.
test image2 - grayscale transformation done in 8193 cycles
--------------------------------------------------------------------------------
test image2 - compress transformation done in 49409 cycles
--------------------------------------------------------------------------------
test image2 - encode transformation done in 20493 cycles
--------------------------------------------------------------------------------
Stopped at time : 1010335 ns : File "C:/Users/adi/Desktop/AC/tema2/build/bin/tester/tester.v" Line 352
